20220614-23:15:40 Train Epoch: 1/100 ...
20220614-23:16:54     total_loss: 19.0464 time: 1m 14s
20220614-23:16:54 Saving checkpoint: 1
20220614-23:16:54 Train Epoch: 2/100 ...
20220614-23:18:07     total_loss: 13.0662 time: 1m 13s
20220614-23:18:07 Saving checkpoint: 2
20220614-23:18:07 Train Epoch: 3/100 ...
20220614-23:19:23     total_loss: 8.8125 time: 1m 15s
20220614-23:19:23 Saving checkpoint: 3
20220614-23:19:23 Train Epoch: 4/100 ...
20220614-23:20:37     total_loss: 5.6700 time: 1m 14s
20220614-23:20:37 Saving checkpoint: 4
20220614-23:20:37 Train Epoch: 5/100 ...
20220614-23:21:49     total_loss: 3.5395 time: 1m 13s
20220614-23:21:49 Test Epoch: 5 ...
20220614-23:22:44     ave: 98.4375%
20220614-23:22:44 Saving checkpoint: 5
20220614-23:22:44 Train Epoch: 6/100 ...
20220614-23:23:57     total_loss: 2.2910 time: 1m 13s
20220614-23:23:57 Saving checkpoint: 6
20220614-23:23:57 Train Epoch: 7/100 ...
20220614-23:25:11     total_loss: 1.6427 time: 1m 14s
20220614-23:25:11 Saving checkpoint: 7
20220614-23:25:11 Train Epoch: 8/100 ...
20220614-23:26:25     total_loss: 1.2699 time: 1m 14s
20220614-23:26:25 Saving checkpoint: 8
20220614-23:26:25 Train Epoch: 9/100 ...
20220614-23:27:39     total_loss: 1.0399 time: 1m 14s
20220614-23:27:39 Saving checkpoint: 9
20220614-23:27:39 Train Epoch: 10/100 ...
20220614-23:28:52     total_loss: 0.8671 time: 1m 13s
20220614-23:28:52 Test Epoch: 10 ...
20220614-23:29:46     ave: 98.5250%
20220614-23:29:46 Saving checkpoint: 10
20220614-23:29:46 Train Epoch: 11/100 ...
20220614-23:31:00     total_loss: 0.7424 time: 1m 14s
20220614-23:31:00 Saving checkpoint: 11
20220614-23:31:00 Train Epoch: 12/100 ...
20220614-23:32:14     total_loss: 0.6470 time: 1m 14s
20220614-23:32:14 Saving checkpoint: 12
20220614-23:32:14 Train Epoch: 13/100 ...
20220614-23:33:28     total_loss: 0.5870 time: 1m 14s
20220614-23:33:28 Saving checkpoint: 13
20220614-23:33:28 Train Epoch: 14/100 ...
20220614-23:34:41     total_loss: 0.5348 time: 1m 13s
20220614-23:34:41 Saving checkpoint: 14
20220614-23:34:41 Train Epoch: 15/100 ...
20220614-23:35:56     total_loss: 0.4837 time: 1m 14s
20220614-23:35:56 Test Epoch: 15 ...
20220614-23:36:50     ave: 98.6500%
20220614-23:36:50 Saving checkpoint: 15
20220614-23:36:50 Train Epoch: 16/100 ...
20220614-23:38:04     total_loss: 0.4513 time: 1m 14s
20220614-23:38:04 Saving checkpoint: 16
20220614-23:38:04 Train Epoch: 17/100 ...
20220614-23:39:17     total_loss: 0.4113 time: 1m 14s
20220614-23:39:17 Saving checkpoint: 17
20220614-23:39:17 Train Epoch: 18/100 ...
20220614-23:40:31     total_loss: 0.3912 time: 1m 13s
20220614-23:40:31 Saving checkpoint: 18
20220614-23:40:31 Train Epoch: 19/100 ...
20220614-23:41:45     total_loss: 0.3517 time: 1m 14s
20220614-23:41:45 Saving checkpoint: 19
20220614-23:41:45 Train Epoch: 20/100 ...
20220614-23:42:58     total_loss: 0.3388 time: 1m 13s
20220614-23:42:58 Test Epoch: 20 ...
20220614-23:43:52     ave: 98.5125%
20220614-23:43:52 Saving checkpoint: 20
20220614-23:43:52 Train Epoch: 21/100 ...
20220614-23:45:06     total_loss: 0.3153 time: 1m 14s
20220614-23:45:06 Saving checkpoint: 21
20220614-23:45:06 Train Epoch: 22/100 ...
20220614-23:46:18     total_loss: 0.2984 time: 1m 13s
20220614-23:46:18 Saving checkpoint: 22
20220614-23:46:18 Train Epoch: 23/100 ...
20220614-23:47:31     total_loss: 0.2857 time: 1m 13s
20220614-23:47:31 Saving checkpoint: 23
20220614-23:47:31 Train Epoch: 24/100 ...
20220614-23:48:45     total_loss: 0.2749 time: 1m 14s
20220614-23:48:45 Saving checkpoint: 24
20220614-23:48:45 Train Epoch: 25/100 ...
20220614-23:49:58     total_loss: 0.2660 time: 1m 13s
20220614-23:49:58 Test Epoch: 25 ...
20220614-23:50:52     ave: 98.4750%
20220614-23:50:52 Saving checkpoint: 25
20220614-23:50:52 Train Epoch: 26/100 ...
20220614-23:52:05     total_loss: 0.2457 time: 1m 14s
20220614-23:52:05 Saving checkpoint: 26
20220614-23:52:05 Train Epoch: 27/100 ...
20220614-23:53:20     total_loss: 0.2282 time: 1m 14s
20220614-23:53:20 Saving checkpoint: 27
20220614-23:53:20 Train Epoch: 28/100 ...
20220614-23:54:33     total_loss: 0.2388 time: 1m 13s
20220614-23:54:33 Saving checkpoint: 28
20220614-23:54:33 Train Epoch: 29/100 ...
20220614-23:55:47     total_loss: 0.2204 time: 1m 14s
20220614-23:55:47 Saving checkpoint: 29
20220614-23:55:47 Train Epoch: 30/100 ...
20220614-23:57:00     total_loss: 0.2079 time: 1m 13s
20220614-23:57:00 Test Epoch: 30 ...
20220614-23:57:55     ave: 98.6250%
20220614-23:57:55 Saving checkpoint: 30
20220614-23:57:55 Train Epoch: 31/100 ...
20220614-23:59:08     total_loss: 0.2087 time: 1m 14s
20220614-23:59:08 Saving checkpoint: 31
20220614-23:59:08 Train Epoch: 32/100 ...
20220615-00:00:24     total_loss: 0.2015 time: 1m 16s
20220615-00:00:24 Saving checkpoint: 32
20220615-00:00:24 Train Epoch: 33/100 ...
20220615-00:01:38     total_loss: 0.1836 time: 1m 13s
20220615-00:01:38 Saving checkpoint: 33
20220615-00:01:38 Train Epoch: 34/100 ...
20220615-00:02:51     total_loss: 0.1793 time: 1m 13s
20220615-00:02:51 Saving checkpoint: 34
20220615-00:02:51 Train Epoch: 35/100 ...
20220615-00:04:03     total_loss: 0.1789 time: 1m 12s
20220615-00:04:03 Test Epoch: 35 ...
20220615-00:04:57     ave: 98.7500%
20220615-00:04:57 Saving checkpoint: 35
20220615-00:04:57 Train Epoch: 36/100 ...
20220615-00:06:09     total_loss: 0.1746 time: 1m 13s
20220615-00:06:09 Saving checkpoint: 36
20220615-00:06:09 Train Epoch: 37/100 ...
20220615-00:07:23     total_loss: 0.1717 time: 1m 13s
20220615-00:07:23 Saving checkpoint: 37
20220615-00:07:23 Train Epoch: 38/100 ...
20220615-00:08:36     total_loss: 0.1621 time: 1m 13s
20220615-00:08:36 Saving checkpoint: 38
20220615-00:08:36 Train Epoch: 39/100 ...
20220615-00:09:49     total_loss: 0.1537 time: 1m 13s
20220615-00:09:49 Saving checkpoint: 39
20220615-00:09:49 Train Epoch: 40/100 ...
20220615-00:11:01     total_loss: 0.1496 time: 1m 13s
20220615-00:11:01 Test Epoch: 40 ...
20220615-00:11:55     ave: 98.7375%
20220615-00:11:55 Saving checkpoint: 40
20220615-00:11:55 Train Epoch: 41/100 ...
20220615-00:13:08     total_loss: 0.1451 time: 1m 12s
20220615-00:13:08 Saving checkpoint: 41
20220615-00:13:08 Train Epoch: 42/100 ...
20220615-00:14:21     total_loss: 0.1417 time: 1m 14s
20220615-00:14:21 Saving checkpoint: 42
20220615-00:14:21 Train Epoch: 43/100 ...
20220615-00:15:33     total_loss: 0.1409 time: 1m 12s
20220615-00:15:33 Saving checkpoint: 43
20220615-00:15:33 Train Epoch: 44/100 ...
20220615-00:16:46     total_loss: 0.1322 time: 1m 12s
20220615-00:16:46 Saving checkpoint: 44
20220615-00:16:46 Train Epoch: 45/100 ...
20220615-00:17:59     total_loss: 0.1298 time: 1m 13s
20220615-00:17:59 Test Epoch: 45 ...
20220615-00:18:52     ave: 98.8625%
20220615-00:18:52 Saving checkpoint: 45
20220615-00:18:53 Train Epoch: 46/100 ...
20220615-00:20:06     total_loss: 0.1299 time: 1m 13s
20220615-00:20:06 Saving checkpoint: 46
20220615-00:20:06 Train Epoch: 47/100 ...
20220615-00:21:20     total_loss: 0.1252 time: 1m 14s
20220615-00:21:20 Saving checkpoint: 47
20220615-00:21:20 Train Epoch: 48/100 ...
20220615-00:22:33     total_loss: 0.1216 time: 1m 13s
20220615-00:22:33 Saving checkpoint: 48
20220615-00:22:33 Train Epoch: 49/100 ...
20220615-00:23:46     total_loss: 0.1196 time: 1m 13s
20220615-00:23:46 Saving checkpoint: 49
20220615-00:23:46 Train Epoch: 50/100 ...
20220615-00:24:59     total_loss: 0.1225 time: 1m 13s
20220615-00:24:59 Test Epoch: 50 ...
20220615-00:25:53     ave: 98.7625%
20220615-00:25:53 Saving checkpoint: 50
20220615-00:25:53 Train Epoch: 51/100 ...
20220615-00:27:07     total_loss: 0.1136 time: 1m 14s
20220615-00:27:07 Saving checkpoint: 51
20220615-00:27:07 Train Epoch: 52/100 ...
20220615-00:28:19     total_loss: 0.1183 time: 1m 13s
20220615-00:28:19 Saving checkpoint: 52
20220615-00:28:19 Train Epoch: 53/100 ...
20220615-00:29:32     total_loss: 0.1064 time: 1m 13s
20220615-00:29:32 Saving checkpoint: 53
20220615-00:29:32 Train Epoch: 54/100 ...
20220615-00:30:44     total_loss: 0.1093 time: 1m 12s
20220615-00:30:44 Saving checkpoint: 54
20220615-00:30:44 Train Epoch: 55/100 ...
20220615-00:31:57     total_loss: 0.1066 time: 1m 13s
20220615-00:31:57 Test Epoch: 55 ...
20220615-00:32:51     ave: 98.7000%
20220615-00:32:51 Saving checkpoint: 55
20220615-00:32:51 Train Epoch: 56/100 ...
20220615-00:34:04     total_loss: 0.1059 time: 1m 13s
20220615-00:34:04 Saving checkpoint: 56
20220615-00:34:04 Train Epoch: 57/100 ...
20220615-00:35:16     total_loss: 0.1033 time: 1m 13s
20220615-00:35:16 Saving checkpoint: 57
20220615-00:35:17 Train Epoch: 58/100 ...
20220615-00:36:29     total_loss: 0.0952 time: 1m 13s
20220615-00:36:29 Saving checkpoint: 58
20220615-00:36:29 Train Epoch: 59/100 ...
20220615-00:37:43     total_loss: 0.0934 time: 1m 13s
20220615-00:37:43 Saving checkpoint: 59
20220615-00:37:43 Train Epoch: 60/100 ...
20220615-00:38:56     total_loss: 0.0935 time: 1m 14s
20220615-00:38:56 Test Epoch: 60 ...
20220615-00:39:52     ave: 98.6625%
20220615-00:39:52 Saving checkpoint: 60
20220615-00:39:52 Train Epoch: 61/100 ...
20220615-00:41:04     total_loss: 0.0944 time: 1m 13s
20220615-00:41:04 Saving checkpoint: 61
20220615-00:41:04 Train Epoch: 62/100 ...
20220615-00:42:17     total_loss: 0.0884 time: 1m 13s
20220615-00:42:17 Saving checkpoint: 62
20220615-00:42:17 Train Epoch: 63/100 ...
20220615-00:43:31     total_loss: 0.0927 time: 1m 14s
20220615-00:43:31 Saving checkpoint: 63
20220615-00:43:31 Train Epoch: 64/100 ...
20220615-00:44:45     total_loss: 0.0851 time: 1m 14s
20220615-00:44:45 Saving checkpoint: 64
20220615-00:44:45 Train Epoch: 65/100 ...
20220615-00:45:58     total_loss: 0.0850 time: 1m 13s
20220615-00:45:58 Test Epoch: 65 ...
20220615-00:46:53     ave: 98.6750%
20220615-00:46:53 Saving checkpoint: 65
20220615-00:46:53 Train Epoch: 66/100 ...
20220615-00:48:06     total_loss: 0.0835 time: 1m 13s
20220615-00:48:06 Saving checkpoint: 66
20220615-00:48:06 Train Epoch: 67/100 ...
20220615-00:49:19     total_loss: 0.0814 time: 1m 13s
20220615-00:49:19 Saving checkpoint: 67
20220615-00:49:19 Train Epoch: 68/100 ...
20220615-00:50:32     total_loss: 0.0827 time: 1m 13s
20220615-00:50:32 Saving checkpoint: 68
20220615-00:50:32 Train Epoch: 69/100 ...
20220615-00:51:45     total_loss: 0.0783 time: 1m 13s
20220615-00:51:45 Saving checkpoint: 69
20220615-00:51:45 Train Epoch: 70/100 ...
20220615-00:52:58     total_loss: 0.0797 time: 1m 12s
20220615-00:52:58 Test Epoch: 70 ...
20220615-00:53:52     ave: 98.6125%
20220615-00:53:52 Saving checkpoint: 70
20220615-00:53:52 Train Epoch: 71/100 ...
